{"uuid":"d1d63565-67d6-49aa-9c61-b0e86e0b29b7","historyId":"6ae2a83436a0d784b83b0aedf0ce7d04","fullName":"Testing the LUMA E-Commerce website using selenium JAVA: creating new account for user","labels":[{"name":"host","value":"LAPTOP-IPIJRB2N"},{"name":"thread","value":"1072@LAPTOP-IPIJRB2N.main(1)"},{"name":"feature","value":"Testing the LUMA E-Commerce website using selenium JAVA"},{"name":"story","value":"creating new account for user"},{"name":"suite","value":"Testing the LUMA E-Commerce website using selenium JAVA"},{"name":"testClass","value":"creating new account for user"},{"name":"framework","value":"cucumber4jvm"},{"name":"language","value":"java"},{"name":"gherkin_uri","value":"file:///D:/Automation%20Work%20Space/LumeProject/src/test/resources/Features/Home.feature"},{"name":"package","value":"src.test.resources.Features.Home_feature.Testing the LUMA E-Commerce website using selenium JAVA"}],"links":[],"name":"creating new account for user","status":"skipped","statusDetails":{"known":false,"muted":false,"flaky":false,"message":"org.apache.hc.client5.http.HttpHostConnectException: Connect to https://raw.githubusercontent.com:443 [raw.githubusercontent.com/49.44.79.236, raw.githubusercontent.com/2405:200:1607:2820:41:0:0:36] failed: Connection timed out: connect","trace":"io.github.bonigarcia.wdm.config.WebDriverManagerException: org.apache.hc.client5.http.HttpHostConnectException: Connect to https://raw.githubusercontent.com:443 [raw.githubusercontent.com/49.44.79.236, raw.githubusercontent.com/2405:200:1607:2820:41:0:0:36] failed: Connection timed out: connect\r\n\tat io.github.bonigarcia.wdm.WebDriverManager.handleException(WebDriverManager.java:1423)\r\n\tat io.github.bonigarcia.wdm.WebDriverManager.manage(WebDriverManager.java:1204)\r\n\tat io.github.bonigarcia.wdm.WebDriverManager.fallback(WebDriverManager.java:1439)\r\n\tat io.github.bonigarcia.wdm.WebDriverManager.handleException(WebDriverManager.java:1416)\r\n\tat io.github.bonigarcia.wdm.WebDriverManager.manage(WebDriverManager.java:1204)\r\n\tat io.github.bonigarcia.wdm.WebDriverManager.setup(WebDriverManager.java:419)\r\n\tat base.Base.SetupDriver(Base.java:50)\r\n\tat steps.HomeTest.startbrowser(HomeTest.java:23)\r\nCaused by: org.apache.hc.client5.http.HttpHostConnectException: Connect to https://raw.githubusercontent.com:443 [raw.githubusercontent.com/49.44.79.236, raw.githubusercontent.com/2405:200:1607:2820:41:0:0:36] failed: Connection timed out: connect\r\n\tat java.base/java.net.PlainSocketImpl.waitForConnect(Native Method)\r\n\tat java.base/java.net.PlainSocketImpl.socketConnect(PlainSocketImpl.java:107)\r\n\tat java.base/java.net.AbstractPlainSocketImpl.doConnect(AbstractPlainSocketImpl.java:412)\r\n\tat java.base/java.net.AbstractPlainSocketImpl.connectToAddress(AbstractPlainSocketImpl.java:255)\r\n\tat java.base/java.net.AbstractPlainSocketImpl.connect(AbstractPlainSocketImpl.java:237)\r\n\tat java.base/java.net.SocksSocketImpl.connect(SocksSocketImpl.java:392)\r\n\tat java.base/java.net.Socket.connect(Socket.java:608)\r\n\tat org.apache.hc.client5.http.ssl.SSLConnectionSocketFactory$1.run(SSLConnectionSocketFactory.java:219)\r\n\tat java.base/java.security.AccessController.doPrivileged(Native Method)\r\n\tat org.apache.hc.client5.http.ssl.SSLConnectionSocketFactory.connectSocket(SSLConnectionSocketFactory.java:216)\r\n\tat org.apache.hc.client5.http.impl.io.DefaultHttpClientConnectionOperator.connect(DefaultHttpClientConnectionOperator.java:148)\r\n\tat org.apache.hc.client5.http.impl.io.PoolingHttpClientConnectionManager.connect(PoolingHttpClientConnectionManager.java:396)\r\n\tat org.apache.hc.client5.http.impl.classic.InternalExecRuntime.connectEndpoint(InternalExecRuntime.java:158)\r\n\tat org.apache.hc.client5.http.impl.classic.InternalExecRuntime.connectEndpoint(InternalExecRuntime.java:168)\r\n\tat org.apache.hc.client5.http.impl.classic.ConnectExec.execute(ConnectExec.java:136)\r\n\tat org.apache.hc.client5.http.impl.classic.ExecChainElement.execute(ExecChainElement.java:51)\r\n\tat org.apache.hc.client5.http.impl.classic.ExecChainElement$1.proceed(ExecChainElement.java:57)\r\n\tat org.apache.hc.client5.http.impl.classic.ProtocolExec.execute(ProtocolExec.java:175)\r\n\tat org.apache.hc.client5.http.impl.classic.ExecChainElement.execute(ExecChainElement.java:51)\r\n\tat org.apache.hc.client5.http.impl.classic.ExecChainElement$1.proceed(ExecChainElement.java:57)\r\n\tat org.apache.hc.client5.http.impl.classic.HttpRequestRetryExec.execute(HttpRequestRetryExec.java:96)\r\n\tat org.apache.hc.client5.http.impl.classic.ExecChainElement.execute(ExecChainElement.java:51)\r\n\tat org.apache.hc.client5.http.impl.classic.ExecChainElement$1.proceed(ExecChainElement.java:57)\r\n\tat org.apache.hc.client5.http.impl.classic.ContentCompressionExec.execute(ContentCompressionExec.java:133)\r\n\tat org.apache.hc.client5.http.impl.classic.ExecChainElement.execute(ExecChainElement.java:51)\r\n\tat org.apache.hc.client5.http.impl.classic.ExecChainElement$1.proceed(ExecChainElement.java:57)\r\n\tat org.apache.hc.client5.http.impl.classic.RedirectExec.execute(RedirectExec.java:115)\r\n\tat org.apache.hc.client5.http.impl.classic.ExecChainElement.execute(ExecChainElement.java:51)\r\n\tat org.apache.hc.client5.http.impl.classic.InternalHttpClient.doExecute(InternalHttpClient.java:170)\r\n\tat org.apache.hc.client5.http.impl.classic.CloseableHttpClient.execute(CloseableHttpClient.java:75)\r\n\tat org.apache.hc.client5.http.impl.classic.CloseableHttpClient.execute(CloseableHttpClient.java:89)\r\n\tat io.github.bonigarcia.wdm.online.HttpClient.execute(HttpClient.java:158)\r\n\tat io.github.bonigarcia.wdm.WebDriverManager.openGitHubConnection(WebDriverManager.java:1607)\r\n\tat io.github.bonigarcia.wdm.WebDriverManager.getDriversFromGitHub(WebDriverManager.java:1621)\r\n\tat io.github.bonigarcia.wdm.managers.FirefoxDriverManager.getDriverUrls(FirefoxDriverManager.java:102)\r\n\tat io.github.bonigarcia.wdm.WebDriverManager.createUrlHandler(WebDriverManager.java:1444)\r\n\tat io.github.bonigarcia.wdm.WebDriverManager.download(WebDriverManager.java:1279)\r\n\tat io.github.bonigarcia.wdm.WebDriverManager.manage(WebDriverManager.java:1198)\r\n\tat io.github.bonigarcia.wdm.WebDriverManager.fallback(WebDriverManager.java:1439)\r\n\tat io.github.bonigarcia.wdm.WebDriverManager.handleException(WebDriverManager.java:1416)\r\n\tat io.github.bonigarcia.wdm.WebDriverManager.manage(WebDriverManager.java:1204)\r\n\tat io.github.bonigarcia.wdm.WebDriverManager.setup(WebDriverManager.java:419)\r\n\tat base.Base.SetupDriver(Base.java:50)\r\n\tat steps.HomeTest.startbrowser(HomeTest.java:23)\r\n\tat java.base/jdk.internal.reflect.NativeMethodAccessorImpl.invoke0(Native Method)\r\n\tat java.base/jdk.internal.reflect.NativeMethodAccessorImpl.invoke(NativeMethodAccessorImpl.java:62)\r\n\tat java.base/jdk.internal.reflect.DelegatingMethodAccessorImpl.invoke(DelegatingMethodAccessorImpl.java:43)\r\n\tat java.base/java.lang.reflect.Method.invoke(Method.java:566)\r\n\tat io.cucumber.java.Invoker.doInvoke(Invoker.java:66)\r\n\tat io.cucumber.java.Invoker.invoke(Invoker.java:24)\r\n\tat io.cucumber.java.AbstractGlueDefinition.invokeMethod(AbstractGlueDefinition.java:47)\r\n\tat io.cucumber.java.JavaHookDefinition.execute(JavaHookDefinition.java:64)\r\n\tat io.cucumber.core.runner.CoreHookDefinition.execute(CoreHookDefinition.java:46)\r\n\tat io.cucumber.core.runner.HookDefinitionMatch.runStep(HookDefinitionMatch.java:21)\r\n\tat io.cucumber.core.runner.ExecutionMode$1.execute(ExecutionMode.java:10)\r\n\tat io.cucumber.core.runner.TestStep.executeStep(TestStep.java:85)\r\n\tat io.cucumber.core.runner.TestStep.run(TestStep.java:57)\r\n\tat io.cucumber.core.runner.TestCase.run(TestCase.java:78)\r\n\tat io.cucumber.core.runner.Runner.runPickle(Runner.java:75)\r\n\tat io.cucumber.testng.TestNGCucumberRunner.lambda$runScenario$1(TestNGCucumberRunner.java:132)\r\n\tat io.cucumber.core.runtime.CucumberExecutionContext.lambda$runTestCase$5(CucumberExecutionContext.java:129)\r\n\tat io.cucumber.core.runtime.RethrowingThrowableCollector.executeAndThrow(RethrowingThrowableCollector.java:23)\r\n\tat io.cucumber.core.runtime.CucumberExecutionContext.runTestCase(CucumberExecutionContext.java:129)\r\n\tat io.cucumber.testng.TestNGCucumberRunner.runScenario(TestNGCucumberRunner.java:129)\r\n\tat io.cucumber.testng.AbstractTestNGCucumberTests.runScenario(AbstractTestNGCucumberTests.java:35)\r\n\tat java.base/jdk.internal.reflect.NativeMethodAccessorImpl.invoke0(Native Method)\r\n\tat java.base/jdk.internal.reflect.NativeMethodAccessorImpl.invoke(NativeMethodAccessorImpl.java:62)\r\n\tat java.base/jdk.internal.reflect.DelegatingMethodAccessorImpl.invoke(DelegatingMethodAccessorImpl.java:43)\r\n\tat java.base/java.lang.reflect.Method.invoke(Method.java:566)\r\n\tat org.testng.internal.MethodInvocationHelper.invokeMethod(MethodInvocationHelper.java:133)\r\n\tat org.testng.internal.TestInvoker.invokeMethod(TestInvoker.java:598)\r\n\tat org.testng.internal.TestInvoker.invokeTestMethod(TestInvoker.java:173)\r\n\tat org.testng.internal.MethodRunner.runInSequence(MethodRunner.java:46)\r\n\tat org.testng.internal.TestInvoker$MethodInvocationAgent.invoke(TestInvoker.java:824)\r\n\tat org.testng.internal.TestInvoker.invokeTestMethods(TestInvoker.java:146)\r\n\tat org.testng.internal.TestMethodWorker.invokeTestMethods(TestMethodWorker.java:146)\r\n\tat org.testng.internal.TestMethodWorker.run(TestMethodWorker.java:128)\r\n\tat java.base/java.util.ArrayList.forEach(ArrayList.java:1541)\r\n\tat org.testng.TestRunner.privateRun(TestRunner.java:794)\r\n\tat org.testng.TestRunner.run(TestRunner.java:596)\r\n\tat org.testng.SuiteRunner.runTest(SuiteRunner.java:377)\r\n\tat org.testng.SuiteRunner.runSequentially(SuiteRunner.java:371)\r\n\tat org.testng.SuiteRunner.privateRun(SuiteRunner.java:332)\r\n\tat org.testng.SuiteRunner.run(SuiteRunner.java:276)\r\n\tat org.testng.SuiteRunnerWorker.runSuite(SuiteRunnerWorker.java:53)\r\n\tat org.testng.SuiteRunnerWorker.run(SuiteRunnerWorker.java:96)\r\n\tat org.testng.TestNG.runSuitesSequentially(TestNG.java:1212)\r\n\tat org.testng.TestNG.runSuitesLocally(TestNG.java:1134)\r\n\tat org.testng.TestNG.runSuites(TestNG.java:1063)\r\n\tat org.testng.TestNG.run(TestNG.java:1031)\r\n\tat org.testng.remote.AbstractRemoteTestNG.run(AbstractRemoteTestNG.java:115)\r\n\tat org.testng.remote.RemoteTestNG.initAndRun(RemoteTestNG.java:251)\r\n\tat org.testng.remote.RemoteTestNG.main(RemoteTestNG.java:77)\r\n"},"stage":"finished","steps":[{"name":"Given  user navigate to application url","status":"skipped","statusDetails":{"known":false,"muted":false,"flaky":false},"stage":"finished","steps":[],"attachments":[],"parameters":[],"start":1672148414982,"stop":1672148414996},{"name":"When  user click on Create an Account link","status":"skipped","statusDetails":{"known":false,"muted":false,"flaky":false},"stage":"finished","steps":[],"attachments":[],"parameters":[],"start":1672148414997,"stop":1672148414998},{"name":"And  user navigated to registration page","status":"skipped","statusDetails":{"known":false,"muted":false,"flaky":false},"stage":"finished","steps":[],"attachments":[],"parameters":[],"start":1672148414999,"stop":1672148415002},{"name":"And  user enter first name","status":"skipped","statusDetails":{"known":false,"muted":false,"flaky":false},"stage":"finished","steps":[],"attachments":[],"parameters":[],"start":1672148415002,"stop":1672148415003},{"name":"And  user enter last name","status":"skipped","statusDetails":{"known":false,"muted":false,"flaky":false},"stage":"finished","steps":[],"attachments":[],"parameters":[],"start":1672148415005,"stop":1672148415007},{"name":"And  user enter email","status":"skipped","statusDetails":{"known":false,"muted":false,"flaky":false},"stage":"finished","steps":[],"attachments":[],"parameters":[],"start":1672148415008,"stop":1672148415009},{"name":"And  user enter password","status":"skipped","statusDetails":{"known":false,"muted":false,"flaky":false},"stage":"finished","steps":[],"attachments":[],"parameters":[],"start":1672148415010,"stop":1672148415011},{"name":"And  user enter confirm password","status":"skipped","statusDetails":{"known":false,"muted":false,"flaky":false},"stage":"finished","steps":[],"attachments":[],"parameters":[],"start":1672148415013,"stop":1672148415016},{"name":"And  user click on create an account button","status":"skipped","statusDetails":{"known":false,"muted":false,"flaky":false},"stage":"finished","steps":[],"attachments":[],"parameters":[],"start":1672148415044,"stop":1672148415047},{"name":"Then  user should see \"Thank you for registering\" or \"There is already\" message","status":"skipped","statusDetails":{"known":false,"muted":false,"flaky":false},"stage":"finished","steps":[],"attachments":[],"parameters":[],"start":1672148415047,"stop":1672148415049}],"attachments":[],"parameters":[],"start":1672148241833,"stop":1672148415070}